/*C3*/SET SCHEMA PUBLIC
DISCONNECT
/*C4*/SET SCHEMA PUBLIC
CREATE TABLE GEEK\u000a\u0009(id_geek int PRIMARY KEY,\u000a\u0009nom varchar(50) not null,\u000a\u0009prenom varchar(50) not null,\u000a\u0009pseudo varchar(50),\u000a\u0009sexe char(1) not null,\u000a\u0009adresse_mail varchar(50) not null,\u000a\u0009date_naissance date not null,\u000a\u0009url_image varchar(250))
CREATE TABLE INTERET\u000a\u0009(id_interet int PRIMARY KEY,\u000a\u0009libelle varchar(50) NOT NULL)
 CREATE TABLE GEEK_INTERET\u000a\u0009(id_geek int NOT NULL,\u000a\u0009id_interet int NOT NULL,\u000a\u0009PRIMARY KEY (id_geek, id_interet))
/*C5*/SET SCHEMA PUBLIC
DISCONNECT
/*C6*/SET SCHEMA PUBLIC
DISCONNECT
/*C7*/SET SCHEMA PUBLIC
DISCONNECT
/*C8*/SET SCHEMA PUBLIC
DISCONNECT
/*C9*/SET SCHEMA PUBLIC
DISCONNECT
/*C10*/SET SCHEMA PUBLIC
DISCONNECT
/*C11*/SET SCHEMA PUBLIC
DISCONNECT
/*C12*/SET SCHEMA PUBLIC
DISCONNECT
/*C13*/SET SCHEMA PUBLIC
DISCONNECT
